This is pdfTeX, Version 3.141592653-2.6-1.40.27 (TeX Live 2025) (preloaded format=pdflatex 2025.4.23)  21 SEP 2025 16:52
entering extended mode
 \write18 enabled.
 %&-line parsing enabled.
**main.tex
(./main.tex
LaTeX2e <2024-11-01> patch level 2
L3 programming layer <2025-03-26>
(d:/texlive/2025/texmf-dist/tex/latex/base/article.cls
Document Class: article 2024/06/29 v1.4n Standard LaTeX document class
(d:/texlive/2025/texmf-dist/tex/latex/base/size10.clo
File: size10.clo 2024/06/29 v1.4n Standard LaTeX file (size option)
)
\c@part=\count197
\c@section=\count198
\c@subsection=\count199
\c@subsubsection=\count266
\c@paragraph=\count267
\c@subparagraph=\count268
\c@figure=\count269
\c@table=\count270
\abovecaptionskip=\skip49
\belowcaptionskip=\skip50
\bibindent=\dimen146
)
(d:/texlive/texmf-local/tex/latex/local/kempu.sty
(d:/texlive/2025/texmf-dist/tex/latex/xcolor/xcolor.sty
Package: xcolor 2024/09/29 v3.02 LaTeX color extensions (UK)

(d:/texlive/2025/texmf-dist/tex/latex/graphics-cfg/color.cfg
File: color.cfg 2016/01/02 v1.6 sample color configuration
)
Package xcolor Info: Driver file: pdftex.def on input line 274.

(d:/texlive/2025/texmf-dist/tex/latex/graphics-def/pdftex.def
File: pdftex.def 2024/04/13 v1.2c Graphics/color driver for pdftex
)
(d:/texlive/2025/texmf-dist/tex/latex/graphics/mathcolor.ltx)
Package xcolor Info: Model `cmy' substituted by `cmy0' on input line 1349.
Package xcolor Info: Model `hsb' substituted by `rgb' on input line 1353.
Package xcolor Info: Model `RGB' extended on input line 1365.
Package xcolor Info: Model `HTML' substituted by `rgb' on input line 1367.
Package xcolor Info: Model `Hsb' substituted by `hsb' on input line 1368.
Package xcolor Info: Model `tHsb' substituted by `hsb' on input line 1369.
Package xcolor Info: Model `HSB' substituted by `hsb' on input line 1370.
Package xcolor Info: Model `Gray' substituted by `gray' on input line 1371.
Package xcolor Info: Model `wave' substituted by `hsb' on input line 1372.
)
(d:/texlive/2025/texmf-dist/tex/latex/graphics/dvipsnam.def
File: dvipsnam.def 2016/06/17 v3.0m Driver-dependent file (DPC,SPQR)
)
(d:/texlive/2025/texmf-dist/tex/latex/tcolorbox/tcolorbox.sty
Package: tcolorbox 2024/10/22 version 6.4.1 text color boxes

(d:/texlive/2025/texmf-dist/tex/latex/pgf/frontendlayer/tikz.sty
(d:/texlive/2025/texmf-dist/tex/latex/pgf/basiclayer/pgf.sty
(d:/texlive/2025/texmf-dist/tex/latex/pgf/utilities/pgfrcs.sty
(d:/texlive/2025/texmf-dist/tex/generic/pgf/utilities/pgfutil-common.tex
\pgfutil@everybye=\toks17
\pgfutil@tempdima=\dimen147
\pgfutil@tempdimb=\dimen148
)
(d:/texlive/2025/texmf-dist/tex/generic/pgf/utilities/pgfutil-latex.def
\pgfutil@abb=\box53
)
(d:/texlive/2025/texmf-dist/tex/generic/pgf/utilities/pgfrcs.code.tex
(d:/texlive/2025/texmf-dist/tex/generic/pgf/pgf.revision.tex)
Package: pgfrcs 2023-01-15 v3.1.10 (3.1.10)
))
Package: pgf 2023-01-15 v3.1.10 (3.1.10)

(d:/texlive/2025/texmf-dist/tex/latex/pgf/basiclayer/pgfcore.sty
(d:/texlive/2025/texmf-dist/tex/latex/graphics/graphicx.sty
Package: graphicx 2021/09/16 v1.2d Enhanced LaTeX Graphics (DPC,SPQR)

(d:/texlive/2025/texmf-dist/tex/latex/graphics/keyval.sty
Package: keyval 2022/05/29 v1.15 key=value parser (DPC)
\KV@toks@=\toks18
)
(d:/texlive/2025/texmf-dist/tex/latex/graphics/graphics.sty
Package: graphics 2024/08/06 v1.4g Standard LaTeX Graphics (DPC,SPQR)

(d:/texlive/2025/texmf-dist/tex/latex/graphics/trig.sty
Package: trig 2023/12/02 v1.11 sin cos tan (DPC)
)
(d:/texlive/2025/texmf-dist/tex/latex/graphics-cfg/graphics.cfg
File: graphics.cfg 2016/06/04 v1.11 sample graphics configuration
)
Package graphics Info: Driver file: pdftex.def on input line 106.
)
\Gin@req@height=\dimen149
\Gin@req@width=\dimen150
)
(d:/texlive/2025/texmf-dist/tex/latex/pgf/systemlayer/pgfsys.sty
(d:/texlive/2025/texmf-dist/tex/generic/pgf/systemlayer/pgfsys.code.tex
Package: pgfsys 2023-01-15 v3.1.10 (3.1.10)

(d:/texlive/2025/texmf-dist/tex/generic/pgf/utilities/pgfkeys.code.tex
\pgfkeys@pathtoks=\toks19
\pgfkeys@temptoks=\toks20

(d:/texlive/2025/texmf-dist/tex/generic/pgf/utilities/pgfkeyslibraryfiltered.co
de.tex
\pgfkeys@tmptoks=\toks21
))
\pgf@x=\dimen151
\pgf@y=\dimen152
\pgf@xa=\dimen153
\pgf@ya=\dimen154
\pgf@xb=\dimen155
\pgf@yb=\dimen156
\pgf@xc=\dimen157
\pgf@yc=\dimen158
\pgf@xd=\dimen159
\pgf@yd=\dimen160
\w@pgf@writea=\write3
\r@pgf@reada=\read2
\c@pgf@counta=\count271
\c@pgf@countb=\count272
\c@pgf@countc=\count273
\c@pgf@countd=\count274
\t@pgf@toka=\toks22
\t@pgf@tokb=\toks23
\t@pgf@tokc=\toks24
\pgf@sys@id@count=\count275
 (d:/texlive/2025/texmf-dist/tex/generic/pgf/systemlayer/pgf.cfg
File: pgf.cfg 2023-01-15 v3.1.10 (3.1.10)
)
Driver file for pgf: pgfsys-pdftex.def

(d:/texlive/2025/texmf-dist/tex/generic/pgf/systemlayer/pgfsys-pdftex.def
File: pgfsys-pdftex.def 2023-01-15 v3.1.10 (3.1.10)

(d:/texlive/2025/texmf-dist/tex/generic/pgf/systemlayer/pgfsys-common-pdf.def
File: pgfsys-common-pdf.def 2023-01-15 v3.1.10 (3.1.10)
)))
(d:/texlive/2025/texmf-dist/tex/generic/pgf/systemlayer/pgfsyssoftpath.code.tex
File: pgfsyssoftpath.code.tex 2023-01-15 v3.1.10 (3.1.10)
\pgfsyssoftpath@smallbuffer@items=\count276
\pgfsyssoftpath@bigbuffer@items=\count277
)
(d:/texlive/2025/texmf-dist/tex/generic/pgf/systemlayer/pgfsysprotocol.code.tex
File: pgfsysprotocol.code.tex 2023-01-15 v3.1.10 (3.1.10)
)) (d:/texlive/2025/texmf-dist/tex/generic/pgf/basiclayer/pgfcore.code.tex
Package: pgfcore 2023-01-15 v3.1.10 (3.1.10)

(d:/texlive/2025/texmf-dist/tex/generic/pgf/math/pgfmath.code.tex
(d:/texlive/2025/texmf-dist/tex/generic/pgf/math/pgfmathutil.code.tex)
(d:/texlive/2025/texmf-dist/tex/generic/pgf/math/pgfmathparser.code.tex
\pgfmath@dimen=\dimen161
\pgfmath@count=\count278
\pgfmath@box=\box54
\pgfmath@toks=\toks25
\pgfmath@stack@operand=\toks26
\pgfmath@stack@operation=\toks27
)
(d:/texlive/2025/texmf-dist/tex/generic/pgf/math/pgfmathfunctions.code.tex)
(d:/texlive/2025/texmf-dist/tex/generic/pgf/math/pgfmathfunctions.basic.code.te
x)
(d:/texlive/2025/texmf-dist/tex/generic/pgf/math/pgfmathfunctions.trigonometric
.code.tex)
(d:/texlive/2025/texmf-dist/tex/generic/pgf/math/pgfmathfunctions.random.code.t
ex)
(d:/texlive/2025/texmf-dist/tex/generic/pgf/math/pgfmathfunctions.comparison.co
de.tex)
(d:/texlive/2025/texmf-dist/tex/generic/pgf/math/pgfmathfunctions.base.code.tex
)
(d:/texlive/2025/texmf-dist/tex/generic/pgf/math/pgfmathfunctions.round.code.te
x)
(d:/texlive/2025/texmf-dist/tex/generic/pgf/math/pgfmathfunctions.misc.code.tex
)
(d:/texlive/2025/texmf-dist/tex/generic/pgf/math/pgfmathfunctions.integerarithm
etics.code.tex)
(d:/texlive/2025/texmf-dist/tex/generic/pgf/math/pgfmathcalc.code.tex)
(d:/texlive/2025/texmf-dist/tex/generic/pgf/math/pgfmathfloat.code.tex
\c@pgfmathroundto@lastzeros=\count279
))
(d:/texlive/2025/texmf-dist/tex/generic/pgf/math/pgfint.code.tex)
(d:/texlive/2025/texmf-dist/tex/generic/pgf/basiclayer/pgfcorepoints.code.tex
File: pgfcorepoints.code.tex 2023-01-15 v3.1.10 (3.1.10)
\pgf@picminx=\dimen162
\pgf@picmaxx=\dimen163
\pgf@picminy=\dimen164
\pgf@picmaxy=\dimen165
\pgf@pathminx=\dimen166
\pgf@pathmaxx=\dimen167
\pgf@pathminy=\dimen168
\pgf@pathmaxy=\dimen169
\pgf@xx=\dimen170
\pgf@xy=\dimen171
\pgf@yx=\dimen172
\pgf@yy=\dimen173
\pgf@zx=\dimen174
\pgf@zy=\dimen175
)
(d:/texlive/2025/texmf-dist/tex/generic/pgf/basiclayer/pgfcorepathconstruct.cod
e.tex
File: pgfcorepathconstruct.code.tex 2023-01-15 v3.1.10 (3.1.10)
\pgf@path@lastx=\dimen176
\pgf@path@lasty=\dimen177
)
(d:/texlive/2025/texmf-dist/tex/generic/pgf/basiclayer/pgfcorepathusage.code.te
x
File: pgfcorepathusage.code.tex 2023-01-15 v3.1.10 (3.1.10)
\pgf@shorten@end@additional=\dimen178
\pgf@shorten@start@additional=\dimen179
)
(d:/texlive/2025/texmf-dist/tex/generic/pgf/basiclayer/pgfcorescopes.code.tex
File: pgfcorescopes.code.tex 2023-01-15 v3.1.10 (3.1.10)
\pgfpic=\box55
\pgf@hbox=\box56
\pgf@layerbox@main=\box57
\pgf@picture@serial@count=\count280
)
(d:/texlive/2025/texmf-dist/tex/generic/pgf/basiclayer/pgfcoregraphicstate.code
.tex
File: pgfcoregraphicstate.code.tex 2023-01-15 v3.1.10 (3.1.10)
\pgflinewidth=\dimen180
)
(d:/texlive/2025/texmf-dist/tex/generic/pgf/basiclayer/pgfcoretransformations.c
ode.tex
File: pgfcoretransformations.code.tex 2023-01-15 v3.1.10 (3.1.10)
\pgf@pt@x=\dimen181
\pgf@pt@y=\dimen182
\pgf@pt@temp=\dimen183
)
(d:/texlive/2025/texmf-dist/tex/generic/pgf/basiclayer/pgfcorequick.code.tex
File: pgfcorequick.code.tex 2023-01-15 v3.1.10 (3.1.10)
)
(d:/texlive/2025/texmf-dist/tex/generic/pgf/basiclayer/pgfcoreobjects.code.tex
File: pgfcoreobjects.code.tex 2023-01-15 v3.1.10 (3.1.10)
)
(d:/texlive/2025/texmf-dist/tex/generic/pgf/basiclayer/pgfcorepathprocessing.co
de.tex
File: pgfcorepathprocessing.code.tex 2023-01-15 v3.1.10 (3.1.10)
)
(d:/texlive/2025/texmf-dist/tex/generic/pgf/basiclayer/pgfcorearrows.code.tex
File: pgfcorearrows.code.tex 2023-01-15 v3.1.10 (3.1.10)
\pgfarrowsep=\dimen184
)
(d:/texlive/2025/texmf-dist/tex/generic/pgf/basiclayer/pgfcoreshade.code.tex
File: pgfcoreshade.code.tex 2023-01-15 v3.1.10 (3.1.10)
\pgf@max=\dimen185
\pgf@sys@shading@range@num=\count281
\pgf@shadingcount=\count282
)
(d:/texlive/2025/texmf-dist/tex/generic/pgf/basiclayer/pgfcoreimage.code.tex
File: pgfcoreimage.code.tex 2023-01-15 v3.1.10 (3.1.10)
)
(d:/texlive/2025/texmf-dist/tex/generic/pgf/basiclayer/pgfcoreexternal.code.tex
File: pgfcoreexternal.code.tex 2023-01-15 v3.1.10 (3.1.10)
\pgfexternal@startupbox=\box58
) (d:/texlive/2025/texmf-dist/tex/generic/pgf/basiclayer/pgfcorelayers.code.tex
File: pgfcorelayers.code.tex 2023-01-15 v3.1.10 (3.1.10)
)
(d:/texlive/2025/texmf-dist/tex/generic/pgf/basiclayer/pgfcoretransparency.code
.tex
File: pgfcoretransparency.code.tex 2023-01-15 v3.1.10 (3.1.10)
)
(d:/texlive/2025/texmf-dist/tex/generic/pgf/basiclayer/pgfcorepatterns.code.tex
File: pgfcorepatterns.code.tex 2023-01-15 v3.1.10 (3.1.10)
) (d:/texlive/2025/texmf-dist/tex/generic/pgf/basiclayer/pgfcorerdf.code.tex
File: pgfcorerdf.code.tex 2023-01-15 v3.1.10 (3.1.10)
))) (d:/texlive/2025/texmf-dist/tex/generic/pgf/modules/pgfmoduleshapes.code.te
x
File: pgfmoduleshapes.code.tex 2023-01-15 v3.1.10 (3.1.10)
\pgfnodeparttextbox=\box59
)
(d:/texlive/2025/texmf-dist/tex/generic/pgf/modules/pgfmoduleplot.code.tex
File: pgfmoduleplot.code.tex 2023-01-15 v3.1.10 (3.1.10)
)
(d:/texlive/2025/texmf-dist/tex/latex/pgf/compatibility/pgfcomp-version-0-65.st
y
Package: pgfcomp-version-0-65 2023-01-15 v3.1.10 (3.1.10)
\pgf@nodesepstart=\dimen186
\pgf@nodesepend=\dimen187
)
(d:/texlive/2025/texmf-dist/tex/latex/pgf/compatibility/pgfcomp-version-1-18.st
y
Package: pgfcomp-version-1-18 2023-01-15 v3.1.10 (3.1.10)
)) (d:/texlive/2025/texmf-dist/tex/latex/pgf/utilities/pgffor.sty
(d:/texlive/2025/texmf-dist/tex/latex/pgf/utilities/pgfkeys.sty
(d:/texlive/2025/texmf-dist/tex/generic/pgf/utilities/pgfkeys.code.tex))
(d:/texlive/2025/texmf-dist/tex/latex/pgf/math/pgfmath.sty
(d:/texlive/2025/texmf-dist/tex/generic/pgf/math/pgfmath.code.tex))
(d:/texlive/2025/texmf-dist/tex/generic/pgf/utilities/pgffor.code.tex
Package: pgffor 2023-01-15 v3.1.10 (3.1.10)
\pgffor@iter=\dimen188
\pgffor@skip=\dimen189
\pgffor@stack=\toks28
\pgffor@toks=\toks29
))
(d:/texlive/2025/texmf-dist/tex/generic/pgf/frontendlayer/tikz/tikz.code.tex
Package: tikz 2023-01-15 v3.1.10 (3.1.10)

(d:/texlive/2025/texmf-dist/tex/generic/pgf/libraries/pgflibraryplothandlers.co
de.tex
File: pgflibraryplothandlers.code.tex 2023-01-15 v3.1.10 (3.1.10)
\pgf@plot@mark@count=\count283
\pgfplotmarksize=\dimen190
)
\tikz@lastx=\dimen191
\tikz@lasty=\dimen192
\tikz@lastxsaved=\dimen193
\tikz@lastysaved=\dimen194
\tikz@lastmovetox=\dimen195
\tikz@lastmovetoy=\dimen196
\tikzleveldistance=\dimen197
\tikzsiblingdistance=\dimen198
\tikz@figbox=\box60
\tikz@figbox@bg=\box61
\tikz@tempbox=\box62
\tikz@tempbox@bg=\box63
\tikztreelevel=\count284
\tikznumberofchildren=\count285
\tikznumberofcurrentchild=\count286
\tikz@fig@count=\count287

(d:/texlive/2025/texmf-dist/tex/generic/pgf/modules/pgfmodulematrix.code.tex
File: pgfmodulematrix.code.tex 2023-01-15 v3.1.10 (3.1.10)
\pgfmatrixcurrentrow=\count288
\pgfmatrixcurrentcolumn=\count289
\pgf@matrix@numberofcolumns=\count290
)
\tikz@expandcount=\count291

(d:/texlive/2025/texmf-dist/tex/generic/pgf/frontendlayer/tikz/libraries/tikzli
brarytopaths.code.tex
File: tikzlibrarytopaths.code.tex 2023-01-15 v3.1.10 (3.1.10)
)))
(d:/texlive/2025/texmf-dist/tex/latex/tools/verbatim.sty
Package: verbatim 2024-01-22 v1.5x LaTeX2e package for verbatim enhancements
\every@verbatim=\toks30
\verbatim@line=\toks31
\verbatim@in@stream=\read3
)
(d:/texlive/2025/texmf-dist/tex/latex/environ/environ.sty
Package: environ 2014/05/04 v0.3 A new way to define environments

(d:/texlive/2025/texmf-dist/tex/latex/trimspaces/trimspaces.sty
Package: trimspaces 2009/09/17 v1.1 Trim spaces around a token list
)
\@envbody=\toks32
)
(d:/texlive/2025/texmf-dist/tex/latex/etoolbox/etoolbox.sty
Package: etoolbox 2025/02/11 v2.5l e-TeX tools for LaTeX (JAW)
\etb@tempcnta=\count292
)
\tcb@titlebox=\box64
\tcb@upperbox=\box65
\tcb@lowerbox=\box66
\tcb@phantombox=\box67
\c@tcbbreakpart=\count293
\c@tcblayer=\count294
\c@tcolorbox@number=\count295
\l__tcobox_tmpa_box=\box68
\l__tcobox_tmpa_dim=\dimen199
\tcb@temp=\box69
\tcb@temp=\box70
\tcb@temp=\box71
\tcb@temp=\box72

(d:/texlive/2025/texmf-dist/tex/latex/tcolorbox/tcbraster.code.tex
Library (tcolorbox): 'tcbraster.code.tex' version '6.4.1'
\c@tcbrastercolumn=\count296
\c@tcbrasterrow=\count297
\c@tcbrasternum=\count298
\c@tcbraster=\count299
) (d:/texlive/2025/texmf-dist/tex/latex/tcolorbox/tcbskins.code.tex
Library (tcolorbox): 'tcbskins.code.tex' version '6.4.1'
(d:/texlive/2025/texmf-dist/tex/latex/tikzfill/tikzfill.image.sty
Package: tikzfill.image 2023/08/08 v1.0.1 Image filling library for TikZ

(d:/texlive/2025/texmf-dist/tex/latex/tikzfill/tikzfill-common.sty
Package: tikzfill-common 2023/08/08 v1.0.1 Auxiliary code for tikzfill
)
(d:/texlive/2025/texmf-dist/tex/latex/tikzfill/tikzlibraryfill.image.code.tex
File: tikzlibraryfill.image.code.tex 2023/08/08 v1.0.1 Image filling library
\l__tikzfill_img_box=\box73
)) (d:/texlive/2025/texmf-dist/tex/latex/tcolorbox/tcbskinsjigsaw.code.tex
Library (tcolorbox): 'tcbskinsjigsaw.code.tex' version '6.4.1'
)) (d:/texlive/2025/texmf-dist/tex/latex/tcolorbox/tcbbreakable.code.tex
Library (tcolorbox): 'tcbbreakable.code.tex' version '6.4.1'
(d:/texlive/2025/texmf-dist/tex/latex/pdfcol/pdfcol.sty
Package: pdfcol 2022-09-21 v1.7 Handle new color stacks for pdfTeX (HO)

(d:/texlive/2025/texmf-dist/tex/generic/ltxcmds/ltxcmds.sty
Package: ltxcmds 2023-12-04 v1.26 LaTeX kernel commands for general use (HO)
)
(d:/texlive/2025/texmf-dist/tex/generic/infwarerr/infwarerr.sty
Package: infwarerr 2019/12/03 v1.5 Providing info/warning/error messages (HO)
)
(d:/texlive/2025/texmf-dist/tex/generic/iftex/iftex.sty
Package: iftex 2024/12/12 v1.0g TeX engine tests
))
Package pdfcol Info: New color stack `tcb@breakable' = 1 on input line 23.
\tcb@testbox=\box74
\tcb@totalupperbox=\box75
\tcb@totallowerbox=\box76
)
(d:/texlive/2025/texmf-dist/tex/latex/tcolorbox/tcbhooks.code.tex
Library (tcolorbox): 'tcbhooks.code.tex' version '6.4.1'
) (d:/texlive/2025/texmf-dist/tex/latex/tcolorbox/tcbtheorems.code.tex
Library (tcolorbox): 'tcbtheorems.code.tex' version '6.4.1'
(d:/texlive/2025/texmf-dist/tex/latex/amsmath/amsmath.sty
Package: amsmath 2024/11/05 v2.17t AMS math features
\@mathmargin=\skip51

For additional information on amsmath, use the `?' option.
(d:/texlive/2025/texmf-dist/tex/latex/amsmath/amstext.sty
Package: amstext 2021/08/26 v2.01 AMS text

(d:/texlive/2025/texmf-dist/tex/latex/amsmath/amsgen.sty
File: amsgen.sty 1999/11/30 v2.0 generic functions
\@emptytoks=\toks33
\ex@=\dimen256
))
(d:/texlive/2025/texmf-dist/tex/latex/amsmath/amsbsy.sty
Package: amsbsy 1999/11/29 v1.2d Bold Symbols
\pmbraise@=\dimen257
)
(d:/texlive/2025/texmf-dist/tex/latex/amsmath/amsopn.sty
Package: amsopn 2022/04/08 v2.04 operator names
)
\inf@bad=\count300
LaTeX Info: Redefining \frac on input line 233.
\uproot@=\count301
\leftroot@=\count302
LaTeX Info: Redefining \overline on input line 398.
LaTeX Info: Redefining \colon on input line 409.
\classnum@=\count303
\DOTSCASE@=\count304
LaTeX Info: Redefining \ldots on input line 495.
LaTeX Info: Redefining \dots on input line 498.
LaTeX Info: Redefining \cdots on input line 619.
\Mathstrutbox@=\box77
\strutbox@=\box78
LaTeX Info: Redefining \big on input line 721.
LaTeX Info: Redefining \Big on input line 722.
LaTeX Info: Redefining \bigg on input line 723.
LaTeX Info: Redefining \Bigg on input line 724.
\big@size=\dimen258
LaTeX Font Info:    Redeclaring font encoding OML on input line 742.
LaTeX Font Info:    Redeclaring font encoding OMS on input line 743.
\macc@depth=\count305
LaTeX Info: Redefining \bmod on input line 904.
LaTeX Info: Redefining \pmod on input line 909.
LaTeX Info: Redefining \smash on input line 939.
LaTeX Info: Redefining \relbar on input line 969.
LaTeX Info: Redefining \Relbar on input line 970.
\c@MaxMatrixCols=\count306
\dotsspace@=\muskip17
\c@parentequation=\count307
\dspbrk@lvl=\count308
\tag@help=\toks34
\row@=\count309
\column@=\count310
\maxfields@=\count311
\andhelp@=\toks35
\eqnshift@=\dimen259
\alignsep@=\dimen260
\tagshift@=\dimen261
\tagwidth@=\dimen262
\totwidth@=\dimen263
\lineht@=\dimen264
\@envbody=\toks36
\multlinegap=\skip52
\multlinetaggap=\skip53
\mathdisplay@stack=\toks37
LaTeX Info: Redefining \[ on input line 2953.
LaTeX Info: Redefining \] on input line 2954.
))
(d:/texlive/2025/texmf-dist/tex/latex/tcolorbox/tcbfitting.code.tex
Library (tcolorbox): 'tcbfitting.code.tex' version '6.4.1'
\tcbfitdim=\dimen265
\tcb@lowerfitdim=\dimen266
\tcb@upperfitdim=\dimen267
\tcb@cur@hbadness=\count312
) (d:/texlive/2025/texmf-dist/tex/latex/tcolorbox/tcblistingsutf8.code.tex
Library (tcolorbox): 'tcblistingsutf8.code.tex' version '6.4.1'
(d:/texlive/2025/texmf-dist/tex/latex/tcolorbox/tcblistings.code.tex
Library (tcolorbox): 'tcblistings.code.tex' version '6.4.1'
(d:/texlive/2025/texmf-dist/tex/latex/listings/listings.sty
\lst@mode=\count313
\lst@gtempboxa=\box79
\lst@token=\toks38
\lst@length=\count314
\lst@currlwidth=\dimen268
\lst@column=\count315
\lst@pos=\count316
\lst@lostspace=\dimen269
\lst@width=\dimen270
\lst@newlines=\count317
\lst@lineno=\count318
\lst@maxwidth=\dimen271

(d:/texlive/2025/texmf-dist/tex/latex/listings/lstpatch.sty
File: lstpatch.sty 2024/09/23 1.10c (Carsten Heinz)
)
(d:/texlive/2025/texmf-dist/tex/latex/listings/lstmisc.sty
File: lstmisc.sty 2024/09/23 1.10c (Carsten Heinz)
\c@lstnumber=\count319
\lst@skipnumbers=\count320
\lst@framebox=\box80
)
(d:/texlive/2025/texmf-dist/tex/latex/listings/listings.cfg
File: listings.cfg 2024/09/23 1.10c listings configuration
))
Package: listings 2024/09/23 1.10c (Carsten Heinz)

(d:/texlive/2025/texmf-dist/tex/latex/tcolorbox/tcblistingscore.code.tex
Library (tcolorbox): 'tcblistingscore.code.tex' version '6.4.1'
(d:/texlive/2025/texmf-dist/tex/latex/tcolorbox/tcbprocessing.code.tex
Library (tcolorbox): 'tcbprocessing.code.tex' version '6.4.1'
)
\c@tcblisting=\count321
)) (d:/texlive/2025/texmf-dist/tex/latex/listingsutf8/listingsutf8.sty
Package: listingsutf8 2019-12-10 v1.5 Allow UTF-8 in listings input (HO)

(d:/texlive/2025/texmf-dist/tex/generic/pdftexcmds/pdftexcmds.sty
Package: pdftexcmds 2020-06-27 v0.33 Utility functions of pdfTeX for LuaTeX (HO
)
Package pdftexcmds Info: \pdf@primitive is available.
Package pdftexcmds Info: \pdf@ifprimitive is available.
Package pdftexcmds Info: \pdfdraftmode found.
)
(d:/texlive/2025/texmf-dist/tex/generic/stringenc/stringenc.sty
Package: stringenc 2019/11/29 v1.12 Convert strings between diff. encodings (HO
)

(d:/texlive/2025/texmf-dist/tex/generic/pdfescape/pdfescape.sty
Package: pdfescape 2019/12/09 v1.15 Implements pdfTeX's escape features (HO)
))))
(d:/texlive/2025/texmf-dist/tex/latex/tcolorbox/tcbexternal.code.tex
Library (tcolorbox): 'tcbexternal.code.tex' version '6.4.1'
) (d:/texlive/2025/texmf-dist/tex/latex/tcolorbox/tcbmagazine.code.tex
Library (tcolorbox): 'tcbmagazine.code.tex' version '6.4.1'
) (d:/texlive/2025/texmf-dist/tex/latex/tcolorbox/tcbvignette.code.tex
Library (tcolorbox): 'tcbvignette.code.tex' version '6.4.1'

(d:/texlive/2025/texmf-dist/tex/generic/pgf/frontendlayer/tikz/libraries/tikzli
braryfadings.code.tex
File: tikzlibraryfadings.code.tex 2023-01-15 v3.1.10 (3.1.10)

(d:/texlive/2025/texmf-dist/tex/generic/pgf/libraries/pgflibraryfadings.code.te
x
File: pgflibraryfadings.code.tex 2023-01-15 v3.1.10 (3.1.10)
))) (d:/texlive/2025/texmf-dist/tex/latex/tcolorbox/tcbposter.code.tex
Library (tcolorbox): 'tcbposter.code.tex' version '6.4.1'
)) (d:/texlive/2025/texmf-dist/tex/latex/base/fontenc.sty
Package: fontenc 2021/04/29 v2.0v Standard LaTeX package
)
(d:/texlive/2025/texmf-dist/tex/latex/geometry/geometry.sty
Package: geometry 2020/01/02 v5.9 Page Geometry

(d:/texlive/2025/texmf-dist/tex/generic/iftex/ifvtex.sty
Package: ifvtex 2019/10/25 v1.7 ifvtex legacy package. Use iftex instead.
)
\Gm@cnth=\count322
\Gm@cntv=\count323
\c@Gm@tempcnt=\count324
\Gm@bindingoffset=\dimen272
\Gm@wd@mp=\dimen273
\Gm@odd@mp=\dimen274
\Gm@even@mp=\dimen275
\Gm@layoutwidth=\dimen276
\Gm@layoutheight=\dimen277
\Gm@layouthoffset=\dimen278
\Gm@layoutvoffset=\dimen279
\Gm@dimlist=\toks39
)
(d:/texlive/2025/texmf-dist/tex/latex/base/inputenc.sty
Package: inputenc 2024/02/08 v1.3d Input encoding file
\inpenc@prehook=\toks40
\inpenc@posthook=\toks41
)
(d:/texlive/2025/texmf-dist/tex/latex/tipa/tipa.sty
Package: tipa 2002/08/08 TIPA version 1.1

(d:/texlive/2025/texmf-dist/tex/latex/base/fontenc.sty
Package: fontenc 2021/04/29 v2.0v Standard LaTeX package

(d:/texlive/2025/texmf-dist/tex/latex/tipa/t3enc.def
File: t3enc.def 2001/12/31 T3 encoding
Now handling font encoding T3 ...
... no UTF-8 mapping file for font encoding T3
)))
(d:/texlive/2025/texmf-dist/tex/latex/amsfonts/amssymb.sty
Package: amssymb 2013/01/14 v3.01 AMS font symbols

(d:/texlive/2025/texmf-dist/tex/latex/amsfonts/amsfonts.sty
Package: amsfonts 2013/01/14 v3.01 Basic AMSFonts support
\symAMSa=\mathgroup4
\symAMSb=\mathgroup5
LaTeX Font Info:    Redeclaring math symbol \hbar on input line 98.
LaTeX Font Info:    Overwriting math alphabet `\mathfrak' in version `bold'
(Font)                  U/euf/m/n --> U/euf/b/n on input line 106.
))
(d:/texlive/2025/texmf-dist/tex/latex/amscls/amsthm.sty
Package: amsthm 2020/05/29 v2.20.6
\thm@style=\toks42
\thm@bodyfont=\toks43
\thm@headfont=\toks44
\thm@notefont=\toks45
\thm@headpunct=\toks46
\thm@preskip=\skip54
\thm@postskip=\skip55
\thm@headsep=\skip56
\dth@everypar=\toks47
)
(d:/texlive/2025/texmf-dist/tex/latex/arcs/arcs.sty
Package: arcs 2004/05/09

(d:/texlive/2025/texmf-dist/tex/latex/relsize/relsize.sty
Package: relsize 2013/03/29 ver 4.1
))
(d:/texlive/2025/texmf-dist/tex/latex/asymptote/asymptote.sty
Package: asymptote 2024/02/26 v1.38 Asymptote style file for LaTeX
 (./main.pre)
\ASYbox=\box81
\ASYdimen=\dimen280
\c@asy=\count325
\AsyStream=\write4
\AsyPreStream=\write5

(d:/texlive/2025/texmf-dist/tex/latex/base/ifthen.sty
Package: ifthen 2024/03/16 v1.1e Standard LaTeX ifthen package (DPC)
)
(d:/texlive/2025/texmf-dist/tex/generic/iftex/ifpdf.sty
Package: ifpdf 2019/10/25 v3.4 ifpdf legacy package. Use iftex instead.
)
(d:/texlive/2025/texmf-dist/tex/generic/iftex/ifxetex.sty
Package: ifxetex 2019/10/25 v0.7 ifxetex legacy package. Use iftex instead.
)
(d:/texlive/2025/texmf-dist/tex/generic/catchfile/catchfile.sty
Package: catchfile 2019/12/09 v1.8 Catch the contents of a file (HO)

(d:/texlive/2025/texmf-dist/tex/generic/etexcmds/etexcmds.sty
Package: etexcmds 2019/12/15 v1.7 Avoid name clashes with e-TeX commands (HO)
))
\openout5 = `main.pre'.

)
(d:/texlive/2025/texmf-dist/tex/latex/booktabs/booktabs.sty
Package: booktabs 2020/01/12 v1.61803398 Publication quality tables
\heavyrulewidth=\dimen281
\lightrulewidth=\dimen282
\cmidrulewidth=\dimen283
\belowrulesep=\dimen284
\belowbottomsep=\dimen285
\aboverulesep=\dimen286
\abovetopsep=\dimen287
\cmidrulesep=\dimen288
\cmidrulekern=\dimen289
\defaultaddspace=\dimen290
\@cmidla=\count326
\@cmidlb=\count327
\@aboverulesep=\dimen291
\@belowrulesep=\dimen292
\@thisruleclass=\count328
\@lastruleclass=\count329
\@thisrulewidth=\dimen293
)
(d:/texlive/2025/texmf-dist/tex/latex/caption/caption.sty
Package: caption 2023/08/05 v3.6o Customizing captions (AR)

(d:/texlive/2025/texmf-dist/tex/latex/caption/caption3.sty
Package: caption3 2023/07/31 v2.4d caption3 kernel (AR)
\caption@tempdima=\dimen294
\captionmargin=\dimen295
\caption@leftmargin=\dimen296
\caption@rightmargin=\dimen297
\caption@width=\dimen298
\caption@indent=\dimen299
\caption@parindent=\dimen300
\caption@hangindent=\dimen301
Package caption Info: Standard document class detected.
)
\c@caption@flags=\count330
\c@continuedfloat=\count331
Package caption Info: listings package is loaded.
)
(d:/texlive/2025/texmf-dist/tex/latex/enumitem/enumitem.sty
Package: enumitem 2025/02/06 v3.11 Customized lists
\labelindent=\skip57
\enit@outerparindent=\dimen302
\enit@toks=\toks48
\enit@inbox=\box82
\enit@count@id=\count332
\enitdp@description=\count333
)
(d:/texlive/2025/texmf-dist/tex/latex/hyperref/hyperref.sty
Package: hyperref 2024-11-05 v7.01l Hypertext links for LaTeX

(d:/texlive/2025/texmf-dist/tex/latex/kvsetkeys/kvsetkeys.sty
Package: kvsetkeys 2022-10-05 v1.19 Key value parser (HO)
)
(d:/texlive/2025/texmf-dist/tex/generic/kvdefinekeys/kvdefinekeys.sty
Package: kvdefinekeys 2019-12-19 v1.6 Define keys (HO)
)
(d:/texlive/2025/texmf-dist/tex/latex/hycolor/hycolor.sty
Package: hycolor 2020-01-27 v1.10 Color options for hyperref/bookmark (HO)
)
(d:/texlive/2025/texmf-dist/tex/latex/hyperref/nameref.sty
Package: nameref 2023-11-26 v2.56 Cross-referencing by name of section

(d:/texlive/2025/texmf-dist/tex/latex/refcount/refcount.sty
Package: refcount 2019/12/15 v3.6 Data extraction from label references (HO)
)
(d:/texlive/2025/texmf-dist/tex/generic/gettitlestring/gettitlestring.sty
Package: gettitlestring 2019/12/15 v1.6 Cleanup title references (HO)

(d:/texlive/2025/texmf-dist/tex/latex/kvoptions/kvoptions.sty
Package: kvoptions 2022-06-15 v3.15 Key value format for package options (HO)
))
\c@section@level=\count334
)
\@linkdim=\dimen303
\Hy@linkcounter=\count335
\Hy@pagecounter=\count336

(d:/texlive/2025/texmf-dist/tex/latex/hyperref/pd1enc.def
File: pd1enc.def 2024-11-05 v7.01l Hyperref: PDFDocEncoding definition (HO)
Now handling font encoding PD1 ...
... no UTF-8 mapping file for font encoding PD1
)
(d:/texlive/2025/texmf-dist/tex/generic/intcalc/intcalc.sty
Package: intcalc 2019/12/15 v1.3 Expandable calculations with integers (HO)
)
\Hy@SavedSpaceFactor=\count337

(d:/texlive/2025/texmf-dist/tex/latex/hyperref/puenc.def
File: puenc.def 2024-11-05 v7.01l Hyperref: PDF Unicode definition (HO)
Now handling font encoding PU ...
... no UTF-8 mapping file for font encoding PU
)
Package hyperref Info: Hyper figures OFF on input line 4157.
Package hyperref Info: Link nesting OFF on input line 4162.
Package hyperref Info: Hyper index ON on input line 4165.
Package hyperref Info: Plain pages OFF on input line 4172.
Package hyperref Info: Backreferencing OFF on input line 4177.
Package hyperref Info: Implicit mode ON; LaTeX internals redefined.
Package hyperref Info: Bookmarks ON on input line 4424.
\c@Hy@tempcnt=\count338

(d:/texlive/2025/texmf-dist/tex/latex/url/url.sty
\Urlmuskip=\muskip18
Package: url 2013/09/16  ver 3.4  Verb mode for urls, etc.
)
LaTeX Info: Redefining \url on input line 4763.
\XeTeXLinkMargin=\dimen304

(d:/texlive/2025/texmf-dist/tex/generic/bitset/bitset.sty
Package: bitset 2019/12/09 v1.3 Handle bit-vector datatype (HO)

(d:/texlive/2025/texmf-dist/tex/generic/bigintcalc/bigintcalc.sty
Package: bigintcalc 2019/12/15 v1.5 Expandable calculations on big integers (HO
)
))
\Fld@menulength=\count339
\Field@Width=\dimen305
\Fld@charsize=\dimen306
Package hyperref Info: Hyper figures OFF on input line 6042.
Package hyperref Info: Link nesting OFF on input line 6047.
Package hyperref Info: Hyper index ON on input line 6050.
Package hyperref Info: backreferencing OFF on input line 6057.
Package hyperref Info: Link coloring OFF on input line 6062.
Package hyperref Info: Link coloring with OCG OFF on input line 6067.
Package hyperref Info: PDF/A mode OFF on input line 6072.

(d:/texlive/2025/texmf-dist/tex/latex/base/atbegshi-ltx.sty
Package: atbegshi-ltx 2021/01/10 v1.0c Emulation of the original atbegshi
package with kernel methods
)
\Hy@abspage=\count340
\c@Item=\count341
\c@Hfootnote=\count342
)
Package hyperref Info: Driver (autodetected): hpdftex.

(d:/texlive/2025/texmf-dist/tex/latex/hyperref/hpdftex.def
File: hpdftex.def 2024-11-05 v7.01l Hyperref driver for pdfTeX

(d:/texlive/2025/texmf-dist/tex/latex/base/atveryend-ltx.sty
Package: atveryend-ltx 2020/08/19 v1.0a Emulation of the original atveryend pac
kage
with kernel methods
)
\Fld@listcount=\count343
\c@bookmark@seq@number=\count344

(d:/texlive/2025/texmf-dist/tex/latex/rerunfilecheck/rerunfilecheck.sty
Package: rerunfilecheck 2022-07-10 v1.10 Rerun checks for auxiliary files (HO)

(d:/texlive/2025/texmf-dist/tex/generic/uniquecounter/uniquecounter.sty
Package: uniquecounter 2019/12/15 v1.4 Provide unlimited unique counter (HO)
)
Package uniquecounter Info: New unique counter `rerunfilecheck' on input line 2
85.
)
\Hy@SectionHShift=\skip58
)
(d:/texlive/2025/texmf-dist/tex/latex/lm/lmodern.sty
Package: lmodern 2015/05/01 v1.6.1 Latin Modern Fonts
LaTeX Font Info:    Overwriting symbol font `operators' in version `normal'
(Font)                  OT1/cmr/m/n --> OT1/lmr/m/n on input line 22.
LaTeX Font Info:    Overwriting symbol font `letters' in version `normal'
(Font)                  OML/cmm/m/it --> OML/lmm/m/it on input line 23.
LaTeX Font Info:    Overwriting symbol font `symbols' in version `normal'
(Font)                  OMS/cmsy/m/n --> OMS/lmsy/m/n on input line 24.
LaTeX Font Info:    Overwriting symbol font `largesymbols' in version `normal'
(Font)                  OMX/cmex/m/n --> OMX/lmex/m/n on input line 25.
LaTeX Font Info:    Overwriting symbol font `operators' in version `bold'
(Font)                  OT1/cmr/bx/n --> OT1/lmr/bx/n on input line 26.
LaTeX Font Info:    Overwriting symbol font `letters' in version `bold'
(Font)                  OML/cmm/b/it --> OML/lmm/b/it on input line 27.
LaTeX Font Info:    Overwriting symbol font `symbols' in version `bold'
(Font)                  OMS/cmsy/b/n --> OMS/lmsy/b/n on input line 28.
LaTeX Font Info:    Overwriting symbol font `largesymbols' in version `bold'
(Font)                  OMX/cmex/m/n --> OMX/lmex/m/n on input line 29.
LaTeX Font Info:    Overwriting math alphabet `\mathbf' in version `normal'
(Font)                  OT1/cmr/bx/n --> OT1/lmr/bx/n on input line 31.
LaTeX Font Info:    Overwriting math alphabet `\mathsf' in version `normal'
(Font)                  OT1/cmss/m/n --> OT1/lmss/m/n on input line 32.
LaTeX Font Info:    Overwriting math alphabet `\mathit' in version `normal'
(Font)                  OT1/cmr/m/it --> OT1/lmr/m/it on input line 33.
LaTeX Font Info:    Overwriting math alphabet `\mathtt' in version `normal'
(Font)                  OT1/cmtt/m/n --> OT1/lmtt/m/n on input line 34.
LaTeX Font Info:    Overwriting math alphabet `\mathbf' in version `bold'
(Font)                  OT1/cmr/bx/n --> OT1/lmr/bx/n on input line 35.
LaTeX Font Info:    Overwriting math alphabet `\mathsf' in version `bold'
(Font)                  OT1/cmss/bx/n --> OT1/lmss/bx/n on input line 36.
LaTeX Font Info:    Overwriting math alphabet `\mathit' in version `bold'
(Font)                  OT1/cmr/bx/it --> OT1/lmr/bx/it on input line 37.
LaTeX Font Info:    Overwriting math alphabet `\mathtt' in version `bold'
(Font)                  OT1/cmtt/m/n --> OT1/lmtt/m/n on input line 38.
)
(d:/texlive/2025/texmf-dist/tex/latex/mathtools/mathtools.sty
Package: mathtools 2024/10/04 v1.31 mathematical typesetting tools

(d:/texlive/2025/texmf-dist/tex/latex/tools/calc.sty
Package: calc 2023/07/08 v4.3 Infix arithmetic (KKT,FJ)
\calc@Acount=\count345
\calc@Bcount=\count346
\calc@Adimen=\dimen307
\calc@Bdimen=\dimen308
\calc@Askip=\skip59
\calc@Bskip=\skip60
LaTeX Info: Redefining \setlength on input line 80.
LaTeX Info: Redefining \addtolength on input line 81.
\calc@Ccount=\count347
\calc@Cskip=\skip61
)
(d:/texlive/2025/texmf-dist/tex/latex/mathtools/mhsetup.sty
Package: mhsetup 2021/03/18 v1.4 programming setup (MH)
)
\g_MT_multlinerow_int=\count348
\l_MT_multwidth_dim=\dimen309
\origjot=\skip62
\l_MT_shortvdotswithinadjustabove_dim=\dimen310
\l_MT_shortvdotswithinadjustbelow_dim=\dimen311
\l_MT_above_intertext_sep=\dimen312
\l_MT_below_intertext_sep=\dimen313
\l_MT_above_shortintertext_sep=\dimen314
\l_MT_below_shortintertext_sep=\dimen315
\xmathstrut@box=\box83
\xmathstrut@dim=\dimen316
)
(d:/texlive/2025/texmf-dist/tex/latex/mdframed/mdframed.sty
Package: mdframed 2013/07/01 1.9b: mdframed

(d:/texlive/2025/texmf-dist/tex/latex/l3packages/xparse/xparse.sty
(d:/texlive/2025/texmf-dist/tex/latex/l3kernel/expl3.sty
Package: expl3 2025-03-26 L3 programming layer (loader) 

(d:/texlive/2025/texmf-dist/tex/latex/l3backend/l3backend-pdftex.def
File: l3backend-pdftex.def 2025-03-14 L3 backend support: PDF output (pdfTeX)
\l__color_backend_stack_int=\count349
))
Package: xparse 2024-08-16 L3 Experimental document command parser
)
(d:/texlive/2025/texmf-dist/tex/latex/zref/zref-abspage.sty
Package: zref-abspage 2023-09-14 v2.35 Module abspage for zref (HO)

(d:/texlive/2025/texmf-dist/tex/latex/zref/zref-base.sty
Package: zref-base 2023-09-14 v2.35 Module base for zref (HO)

(d:/texlive/2025/texmf-dist/tex/latex/auxhook/auxhook.sty
Package: auxhook 2019-12-17 v1.6 Hooks for auxiliary files (HO)
)
Package zref Info: New property list: main on input line 767.
Package zref Info: New property: default on input line 768.
Package zref Info: New property: page on input line 769.
)
\c@abspage=\count350
Package zref Info: New property: abspage on input line 67.
)
(d:/texlive/2025/texmf-dist/tex/latex/needspace/needspace.sty
Package: needspace 2025/03/13 v1.3e reserve vertical space
)
\mdf@templength=\skip63
\c@mdf@globalstyle@cnt=\count351
\mdf@skipabove@length=\skip64
\mdf@skipbelow@length=\skip65
\mdf@leftmargin@length=\skip66
\mdf@rightmargin@length=\skip67
\mdf@innerleftmargin@length=\skip68
\mdf@innerrightmargin@length=\skip69
\mdf@innertopmargin@length=\skip70
\mdf@innerbottommargin@length=\skip71
\mdf@splittopskip@length=\skip72
\mdf@splitbottomskip@length=\skip73
\mdf@outermargin@length=\skip74
\mdf@innermargin@length=\skip75
\mdf@linewidth@length=\skip76
\mdf@innerlinewidth@length=\skip77
\mdf@middlelinewidth@length=\skip78
\mdf@outerlinewidth@length=\skip79
\mdf@roundcorner@length=\skip80
\mdf@footenotedistance@length=\skip81
\mdf@userdefinedwidth@length=\skip82
\mdf@needspace@length=\skip83
\mdf@frametitleaboveskip@length=\skip84
\mdf@frametitlebelowskip@length=\skip85
\mdf@frametitlerulewidth@length=\skip86
\mdf@frametitleleftmargin@length=\skip87
\mdf@frametitlerightmargin@length=\skip88
\mdf@shadowsize@length=\skip89
\mdf@extratopheight@length=\skip90
\mdf@subtitleabovelinewidth@length=\skip91
\mdf@subtitlebelowlinewidth@length=\skip92
\mdf@subtitleaboveskip@length=\skip93
\mdf@subtitlebelowskip@length=\skip94
\mdf@subtitleinneraboveskip@length=\skip95
\mdf@subtitleinnerbelowskip@length=\skip96
\mdf@subsubtitleabovelinewidth@length=\skip97
\mdf@subsubtitlebelowlinewidth@length=\skip98
\mdf@subsubtitleaboveskip@length=\skip99
\mdf@subsubtitlebelowskip@length=\skip100
\mdf@subsubtitleinneraboveskip@length=\skip101
\mdf@subsubtitleinnerbelowskip@length=\skip102

(d:/texlive/2025/texmf-dist/tex/latex/mdframed/md-frame-0.mdf
File: md-frame-0.mdf 2013/07/01\ 1.9b: md-frame-0
)
\mdf@frametitlebox=\box84
\mdf@footnotebox=\box85
\mdf@splitbox@one=\box86
\mdf@splitbox@two=\box87
\mdf@splitbox@save=\box88
\mdfsplitboxwidth=\skip103
\mdfsplitboxtotalwidth=\skip104
\mdfsplitboxheight=\skip105
\mdfsplitboxdepth=\skip106
\mdfsplitboxtotalheight=\skip107
\mdfframetitleboxwidth=\skip108
\mdfframetitleboxtotalwidth=\skip109
\mdfframetitleboxheight=\skip110
\mdfframetitleboxdepth=\skip111
\mdfframetitleboxtotalheight=\skip112
\mdffootnoteboxwidth=\skip113
\mdffootnoteboxtotalwidth=\skip114
\mdffootnoteboxheight=\skip115
\mdffootnoteboxdepth=\skip116
\mdffootnoteboxtotalheight=\skip117
\mdftotallinewidth=\skip118
\mdfboundingboxwidth=\skip119
\mdfboundingboxtotalwidth=\skip120
\mdfboundingboxheight=\skip121
\mdfboundingboxdepth=\skip122
\mdfboundingboxtotalheight=\skip123
\mdf@freevspace@length=\skip124
\mdf@horizontalwidthofbox@length=\skip125
\mdf@verticalmarginwhole@length=\skip126
\mdf@horizontalspaceofbox=\skip127
\mdfsubtitleheight=\skip128
\mdfsubsubtitleheight=\skip129
\c@mdfcountframes=\count352

****** mdframed patching \endmdf@trivlist

****** -- success******

\mdf@envdepth=\count353
\c@mdf@env@i=\count354
\c@mdf@env@ii=\count355
\c@mdf@zref@counter=\count356
Package zref Info: New property: mdf@pagevalue on input line 895.
)
(d:/texlive/2025/texmf-dist/tex/latex/base/textcomp.sty
Package: textcomp 2024/04/24 v2.1b Standard LaTeX package
)
(d:/texlive/2025/texmf-dist/tex/latex/thmtools/thmtools.sty
Package: thmtools 2023/05/04 v0.76
\thmt@toks=\toks49
\c@thmt@dummyctr=\count357

(d:/texlive/2025/texmf-dist/tex/latex/thmtools/thm-patch.sty
Package: thm-patch 2023/05/04 v0.76

(d:/texlive/2025/texmf-dist/tex/latex/thmtools/parseargs.sty
Package: parseargs 2023/05/04 v0.76
\@parsespec=\toks50
))
(d:/texlive/2025/texmf-dist/tex/latex/thmtools/thm-kv.sty
Package: thm-kv 2023/05/04 v0.76
Package thm-kv Info: Theorem names will be uppercased on input line 42.
Package thm-kv Info: kvsetkeys patch (v1.16 or later) on input line 158.
)
(d:/texlive/2025/texmf-dist/tex/latex/thmtools/thm-autoref.sty
Package: thm-autoref 2023/05/04 v0.76

(d:/texlive/2025/texmf-dist/tex/latex/thmtools/aliasctr.sty
Package: aliasctr 2023/05/04 v0.76
))
(d:/texlive/2025/texmf-dist/tex/latex/thmtools/thm-listof.sty
Package: thm-listof 2023/05/04 v0.76
)
(d:/texlive/2025/texmf-dist/tex/latex/thmtools/thm-restate.sty
Package: thm-restate 2023/05/04 v0.76
)
(d:/texlive/2025/texmf-dist/tex/latex/thmtools/thm-amsthm.sty
Package: thm-amsthm 2023/05/04 v0.76
\thmt@style@headstyle=\toks51
))
LaTeX Font Info:    Trying to load font information for T1+lmss on input line 2
6.

(d:/texlive/2025/texmf-dist/tex/latex/lm/t1lmss.fd
File: t1lmss.fd 2015/05/01 v1.6.1 Font defs for Latin Modern
)
\c@tcb@cnt@theorem=\count358
\c@tcb@cnt@claim=\count359
\c@tcb@cnt@definition=\count360
\c@tcb@cnt@remark=\count361
)
LaTeX Font Info:    Trying to load font information for T1+lmr on input line 21
.

(d:/texlive/2025/texmf-dist/tex/latex/lm/t1lmr.fd
File: t1lmr.fd 2015/05/01 v1.6.1 Font defs for Latin Modern
) (./main.aux)
\openout1 = `main.aux'.

LaTeX Font Info:    Checking defaults for OML/cmm/m/it on input line 21.
LaTeX Font Info:    ... okay on input line 21.
LaTeX Font Info:    Checking defaults for OMS/cmsy/m/n on input line 21.
LaTeX Font Info:    ... okay on input line 21.
LaTeX Font Info:    Checking defaults for OT1/cmr/m/n on input line 21.
LaTeX Font Info:    ... okay on input line 21.
LaTeX Font Info:    Checking defaults for T1/cmr/m/n on input line 21.
LaTeX Font Info:    ... okay on input line 21.
LaTeX Font Info:    Checking defaults for TS1/cmr/m/n on input line 21.
LaTeX Font Info:    ... okay on input line 21.
LaTeX Font Info:    Checking defaults for OMX/cmex/m/n on input line 21.
LaTeX Font Info:    ... okay on input line 21.
LaTeX Font Info:    Checking defaults for U/cmr/m/n on input line 21.
LaTeX Font Info:    ... okay on input line 21.
LaTeX Font Info:    Checking defaults for T3/cmr/m/n on input line 21.
LaTeX Font Info:    Trying to load font information for T3+cmr on input line 21
.

(d:/texlive/2025/texmf-dist/tex/latex/tipa/t3cmr.fd
File: t3cmr.fd 2001/12/31 TIPA font definitions
)
LaTeX Font Info:    ... okay on input line 21.
LaTeX Font Info:    Checking defaults for PD1/pdf/m/n on input line 21.
LaTeX Font Info:    ... okay on input line 21.
LaTeX Font Info:    Checking defaults for PU/pdf/m/n on input line 21.
LaTeX Font Info:    ... okay on input line 21.

(d:/texlive/2025/texmf-dist/tex/context/base/mkii/supp-pdf.mkii
[Loading MPS to PDF converter (version 2006.09.02).]
\scratchcounter=\count362
\scratchdimen=\dimen317
\scratchbox=\box89
\nofMPsegments=\count363
\nofMParguments=\count364
\everyMPshowfont=\toks52
\MPscratchCnt=\count365
\MPscratchDim=\dimen318
\MPnumerator=\count366
\makeMPintoPDFobject=\count367
\everyMPtoPDFconversion=\toks53
) (d:/texlive/2025/texmf-dist/tex/latex/epstopdf-pkg/epstopdf-base.sty
Package: epstopdf-base 2020-01-24 v2.11 Base part for package epstopdf
Package epstopdf-base Info: Redefining graphics rule for `.eps' on input line 4
85.

(d:/texlive/2025/texmf-dist/tex/latex/latexconfig/epstopdf-sys.cfg
File: epstopdf-sys.cfg 2010/07/13 v1.3 Configuration of (r)epstopdf for TeX Liv
e
))
\c@lstlisting=\count368

*geometry* driver: auto-detecting
*geometry* detected driver: pdftex
*geometry* verbose mode - [ preamble ] result:
* driver: pdftex
* paper: <default>
* layout: <same size as paper>
* layoutoffset:(h,v)=(0.0pt,0.0pt)
* modes: 
* h-part:(L,W,R)=(92.14519pt, 430.00462pt, 92.14519pt)
* v-part:(T,H,B)=(71.13188pt, 628.44073pt, 95.39737pt)
* \paperwidth=614.295pt
* \paperheight=794.96999pt
* \textwidth=430.00462pt
* \textheight=628.44073pt
* \oddsidemargin=19.8752pt
* \evensidemargin=19.8752pt
* \topmargin=-38.1381pt
* \headheight=12.0pt
* \headsep=25.0pt
* \topskip=10.0pt
* \footskip=30.0pt
* \marginparwidth=65.0pt
* \marginparsep=11.0pt
* \columnsep=10.0pt
* \skip\footins=9.0pt plus 4.0pt minus 2.0pt
* \hoffset=0.0pt
* \voffset=0.0pt
* \mag=1000
* \@twocolumnfalse
* \@twosidefalse
* \@mparswitchfalse
* \@reversemarginfalse
* (1in=72.27pt=25.4mm, 1cm=28.453pt)

Package caption Info: Begin \AtBeginDocument code.
Package caption Info: hyperref package is loaded.
Package caption Info: End \AtBeginDocument code.
Package hyperref Info: Link coloring OFF on input line 21.
(./main.out) (./main.out)
\@outlinefile=\write6
\openout6 = `main.out'.

LaTeX Font Info:    Trying to load font information for OT1+lmr on input line 2
4.
 (d:/texlive/2025/texmf-dist/tex/latex/lm/ot1lmr.fd
File: ot1lmr.fd 2015/05/01 v1.6.1 Font defs for Latin Modern
)
LaTeX Font Info:    Trying to load font information for OML+lmm on input line 2
4.

(d:/texlive/2025/texmf-dist/tex/latex/lm/omllmm.fd
File: omllmm.fd 2015/05/01 v1.6.1 Font defs for Latin Modern
)
LaTeX Font Info:    Trying to load font information for OMS+lmsy on input line 
24.

(d:/texlive/2025/texmf-dist/tex/latex/lm/omslmsy.fd
File: omslmsy.fd 2015/05/01 v1.6.1 Font defs for Latin Modern
)
LaTeX Font Info:    Trying to load font information for OMX+lmex on input line 
24.

(d:/texlive/2025/texmf-dist/tex/latex/lm/omxlmex.fd
File: omxlmex.fd 2015/05/01 v1.6.1 Font defs for Latin Modern
)
LaTeX Font Info:    External font `lmex10' loaded for size
(Font)              <12> on input line 24.
LaTeX Font Info:    External font `lmex10' loaded for size
(Font)              <8> on input line 24.
LaTeX Font Info:    External font `lmex10' loaded for size
(Font)              <6> on input line 24.
LaTeX Font Info:    Trying to load font information for U+msa on input line 24.


(d:/texlive/2025/texmf-dist/tex/latex/amsfonts/umsa.fd
File: umsa.fd 2013/01/14 v3.01 AMS symbols A
)
LaTeX Font Info:    Trying to load font information for U+msb on input line 24.


(d:/texlive/2025/texmf-dist/tex/latex/amsfonts/umsb.fd
File: umsb.fd 2013/01/14 v3.01 AMS symbols B
) (./main.toc)
\tf@toc=\write7
\openout7 = `main.toc'.



[1

{d:/texlive/2025/texmf-var/fonts/map/pdftex/updmap/pdftex.map}{d:/texlive/2025/
texmf-dist/fonts/enc/dvips/lm/lm-ec.enc}]
LaTeX Font Info:    External font `lmex10' loaded for size
(Font)              <10> on input line 34.
LaTeX Font Info:    External font `lmex10' loaded for size
(Font)              <7> on input line 34.
LaTeX Font Info:    External font `lmex10' loaded for size
(Font)              <5> on input line 34.


[2{d:/texlive/2025/texmf-dist/fonts/enc/dvips/lm/lm-mathit.enc}{d:/texlive/2025
/texmf-dist/fonts/enc/dvips/lm/lm-rm.enc}{d:/texlive/2025/texmf-dist/fonts/enc/
dvips/lm/lm-mathsy.enc}]
<Figure 1.3A.png, id=106, 332.74312pt x 240.9pt>
File: Figure 1.3A.png Graphic file (type png)
<use Figure 1.3A.png>
Package pdftex.def Info: Figure 1.3A.png  used on input line 69.
(pdftex.def)             Requested size: 205.9665pt x 149.11751pt.
<Figure 1.3B.png, id=108, 325.215pt x 278.54062pt>
File: Figure 1.3B.png Graphic file (type png)
<use Figure 1.3B.png>
Package pdftex.def Info: Figure 1.3B.png  used on input line 88.
(pdftex.def)             Requested size: 144.17906pt x 123.48903pt.


[3 <./Figure 1.3A.png>]

[4 <./Figure 1.3B.png>]

[5]
<Figure 1.6B.png, id=134, 270.25969pt x 304.13625pt>
File: Figure 1.6B.png Graphic file (type png)
<use Figure 1.6B.png>
Package pdftex.def Info: Figure 1.6B.png  used on input line 147.
(pdftex.def)             Requested size: 171.99922pt x 193.56523pt.


[6 <./Figure 1.6B.png>]
\openout4 = `main-1.asy'.

<main-1.pdf, id=143, 126.91013pt x 170.7168pt>
File: main-1.pdf Graphic file (type pdf)
<use main-1.pdf>
Package pdftex.def Info: main-1.pdf  used on input line 214.
(pdftex.def)             Requested size: 126.9098pt x 170.71637pt.


[7 <./main-1.pdf>]
\openout4 = `main-2.asy'.

<main-2.pdf, id=170, 170.7168pt x 140.85323pt>
File: main-2.pdf Graphic file (type pdf)
<use main-2.pdf>
Package pdftex.def Info: main-2.pdf  used on input line 261.
(pdftex.def)             Requested size: 170.71637pt x 140.85286pt.


[8 <./main-2.pdf>]
\openout4 = `main-3.asy'.

<main-3.pdf, id=185, 284.52798pt x 232.71944pt>
File: main-3.pdf Graphic file (type pdf)
<use main-3.pdf>
Package pdftex.def Info: main-3.pdf  used on input line 307.
(pdftex.def)             Requested size: 284.52728pt x 232.71886pt.


[9 <./main-3.pdf>]
\openout4 = `main-4.asy'.

<main-4.pdf, id=200, 161.83461pt x 170.7168pt>
File: main-4.pdf Graphic file (type pdf)
<use main-4.pdf>
Package pdftex.def Info: main-4.pdf  used on input line 355.
(pdftex.def)             Requested size: 161.8342pt x 170.71637pt.


[10 <./main-4.pdf>]
\openout4 = `main-5.asy'.

<main-5.pdf, id=214, 170.7168pt x 111.46844pt>
File: main-5.pdf Graphic file (type pdf)
<use main-5.pdf>
Package pdftex.def Info: main-5.pdf  used on input line 390.
(pdftex.def)             Requested size: 170.71637pt x 111.46817pt.


[11 <./main-5.pdf>]
\openout4 = `main-6.asy'.

<main-6.pdf, id=231, 170.7168pt x 144.45871pt>
File: main-6.pdf Graphic file (type pdf)
<use main-6.pdf>
Package pdftex.def Info: main-6.pdf  used on input line 461.
(pdftex.def)             Requested size: 170.71637pt x 144.45834pt.


[12 <./main-6.pdf>]
\openout4 = `main-7.asy'.

<main-7.pdf, id=247, 170.7168pt x 133.25885pt>
File: main-7.pdf Graphic file (type pdf)
<use main-7.pdf>
Package pdftex.def Info: main-7.pdf  used on input line 521.
(pdftex.def)             Requested size: 170.71637pt x 133.25851pt.


[13 <./main-7.pdf>]
\openout4 = `main-8.asy'.

<main-8.pdf, id=264, 170.7168pt x 164.66118pt>
File: main-8.pdf Graphic file (type pdf)
<use main-8.pdf>
Package pdftex.def Info: main-8.pdf  used on input line 558.
(pdftex.def)             Requested size: 170.71637pt x 164.66077pt.


[14 <./main-8.pdf>]
\openout4 = `main-9.asy'.

<main-9.pdf, id=284, 170.7168pt x 132.3645pt>
File: main-9.pdf Graphic file (type pdf)
<use main-9.pdf>
Package pdftex.def Info: main-9.pdf  used on input line 610.
(pdftex.def)             Requested size: 170.71637pt x 132.36417pt.


[15 <./main-9.pdf>]
\openout4 = `main-10.asy'.

<main-10.pdf, id=300, 284.52798pt x 184.00644pt>
File: main-10.pdf Graphic file (type pdf)
<use main-10.pdf>
Package pdftex.def Info: main-10.pdf  used on input line 688.
(pdftex.def)             Requested size: 284.52728pt x 184.00598pt.


[16 <./main-10.pdf>]
\openout4 = `main-11.asy'.

<main-11.pdf, id=315, 284.52798pt x 273.81094pt>
File: main-11.pdf Graphic file (type pdf)
<use main-11.pdf>
Package pdftex.def Info: main-11.pdf  used on input line 774.
(pdftex.def)             Requested size: 284.52728pt x 273.81027pt.


[17 <./main-11.pdf>]
\openout4 = `main-12.asy'.

<main-12.pdf, id=329, 284.52798pt x 267.63388pt>
File: main-12.pdf Graphic file (type pdf)
<use main-12.pdf>
Package pdftex.def Info: main-12.pdf  used on input line 816.
(pdftex.def)             Requested size: 284.52728pt x 267.63321pt.


[18 <./main-12.pdf>]

[19]

[20]
\openout4 = `main-13.asy'.

<main-13.pdf, id=363, 287.3174pt x 241.31857pt>
File: main-13.pdf Graphic file (type pdf)
<use main-13.pdf>
Package pdftex.def Info: main-13.pdf  used on input line 873.
(pdftex.def)             Requested size: 287.3167pt x 241.31796pt.


[21 <./main-13.pdf>]
\openout4 = `main-14.asy'.

<main-14.pdf, id=383, 294.3758pt x 230.16791pt>
File: main-14.pdf Graphic file (type pdf)
<use main-14.pdf>
Package pdftex.def Info: main-14.pdf  used on input line 918.
(pdftex.def)             Requested size: 294.37506pt x 230.16733pt.


[22 <./main-14.pdf>]
\openout4 = `main-15.asy'.

<main-15.pdf, id=399, 193.13155pt x 284.52798pt>
File: main-15.pdf Graphic file (type pdf)
<use main-15.pdf>
Package pdftex.def Info: main-15.pdf  used on input line 1002.
(pdftex.def)             Requested size: 193.13106pt x 284.52728pt.


[23 <./main-15.pdf>]
\openout4 = `main-16.asy'.

<main-16.pdf, id=423, 225.36496pt x 284.52798pt>
File: main-16.pdf Graphic file (type pdf)
<use main-16.pdf>
Package pdftex.def Info: main-16.pdf  used on input line 1066.
(pdftex.def)             Requested size: 225.3644pt x 284.52728pt.


[24 <./main-16.pdf>]
\openout4 = `main-17.asy'.

<main-17.pdf, id=442, 266.0068pt x 182.68852pt>
File: main-17.pdf Graphic file (type pdf)
<use main-17.pdf>
Package pdftex.def Info: main-17.pdf  used on input line 1167.
(pdftex.def)             Requested size: 266.00615pt x 182.68806pt.


[25 <./main-17.pdf>]
\openout4 = `main-18.asy'.

<main-18.pdf, id=463, 197.1656pt x 259.65405pt>
File: main-18.pdf Graphic file (type pdf)
<use main-18.pdf>
Package pdftex.def Info: main-18.pdf  used on input line 1227.
(pdftex.def)             Requested size: 197.16512pt x 259.65341pt.


[26 <./main-18.pdf>]
\openout4 = `main-19.asy'.

<main-19.pdf, id=480, 322.49886pt x 213.25371pt>
File: main-19.pdf Graphic file (type pdf)
<use main-19.pdf>
Package pdftex.def Info: main-19.pdf  used on input line 1289.
(pdftex.def)             Requested size: 322.49806pt x 213.25317pt.


[27 <./main-19.pdf>]
\openout4 = `main-20.asy'.

<main-20.pdf, id=494, 197.62532pt x 209.51173pt>
File: main-20.pdf Graphic file (type pdf)
<use main-20.pdf>
Package pdftex.def Info: main-20.pdf  used on input line 1348.
(pdftex.def)             Requested size: 197.62482pt x 209.51122pt.


[28 <./main-20.pdf>]
\openout4 = `main-21.asy'.

<main-21.pdf, id=512, 252.99118pt x 284.52798pt>
File: main-21.pdf Graphic file (type pdf)
<use main-21.pdf>
Package pdftex.def Info: main-21.pdf  used on input line 1431.
(pdftex.def)             Requested size: 252.99055pt x 284.52728pt.


[29 <./main-21.pdf>]
\openout4 = `main-22.asy'.

<main-22.pdf, id=526, 256.73616pt x 235.51286pt>
File: main-22.pdf Graphic file (type pdf)
<use main-22.pdf>
Package pdftex.def Info: main-22.pdf  used on input line 1489.
(pdftex.def)             Requested size: 256.73552pt x 235.51228pt.


[30 <./main-22.pdf>]
\openout4 = `main-23.asy'.

<main-23.pdf, id=540, 198.88904pt x 284.52798pt>
File: main-23.pdf Graphic file (type pdf)
<use main-23.pdf>
Package pdftex.def Info: main-23.pdf  used on input line 1560.
(pdftex.def)             Requested size: 198.88855pt x 284.52728pt.


[31 <./main-23.pdf>]
\openout4 = `main-24.asy'.

<main-24.pdf, id=555, 284.52798pt x 232.58694pt>
File: main-24.pdf Graphic file (type pdf)
<use main-24.pdf>
Package pdftex.def Info: main-24.pdf  used on input line 1634.
(pdftex.def)             Requested size: 284.52728pt x 232.58636pt.


[32 <./main-24.pdf>]
\openout4 = `main-25.asy'.

<main-25.pdf, id=569, 273.78185pt x 284.52798pt>
File: main-25.pdf Graphic file (type pdf)
<use main-25.pdf>
Package pdftex.def Info: main-25.pdf  used on input line 1685.
(pdftex.def)             Requested size: 273.78117pt x 284.52728pt.


[33 <./main-25.pdf>]
\openout4 = `main-26.asy'.

<main-26.pdf, id=583, 284.52798pt x 276.90251pt>
File: main-26.pdf Graphic file (type pdf)
<use main-26.pdf>
Package pdftex.def Info: main-26.pdf  used on input line 1744.
(pdftex.def)             Requested size: 284.52728pt x 276.90182pt.


[34 <./main-26.pdf>]

[35]
\openout4 = `main-27.asy'.

<main-27.pdf, id=605, 341.4326pt x 326.62328pt>
File: main-27.pdf Graphic file (type pdf)
<use main-27.pdf>
Package pdftex.def Info: main-27.pdf  used on input line 1849.
(pdftex.def)             Requested size: 341.43176pt x 326.62247pt.


[36 <./main-27.pdf>]
\openout4 = `main-28.asy'.

<main-28.pdf, id=622, 341.4326pt x 159.6635pt>
File: main-28.pdf Graphic file (type pdf)
<use main-28.pdf>
Package pdftex.def Info: main-28.pdf  used on input line 1900.
(pdftex.def)             Requested size: 341.43176pt x 159.6631pt.


[37 <./main-28.pdf>]

[38]

[39]
\openout4 = `main-29.asy'.

<main-29.pdf, id=650, 284.52798pt x 198.74551pt>
File: main-29.pdf Graphic file (type pdf)
<use main-29.pdf>
Package pdftex.def Info: main-29.pdf  used on input line 1999.
(pdftex.def)             Requested size: 284.52728pt x 198.74503pt.


[40 <./main-29.pdf>]
\openout4 = `main-30.asy'.

<main-30.pdf, id=669, 199.1691pt x 135.27438pt>
File: main-30.pdf Graphic file (type pdf)
<use main-30.pdf>
Package pdftex.def Info: main-30.pdf  used on input line 2059.
(pdftex.def)             Requested size: 199.1686pt x 135.27403pt.


[41 <./main-30.pdf>]
\openout4 = `main-31.asy'.

<main-31.pdf, id=684, 284.52798pt x 262.50372pt>
File: main-31.pdf Graphic file (type pdf)
<use main-31.pdf>
Package pdftex.def Info: main-31.pdf  used on input line 2098.
(pdftex.def)             Requested size: 284.52728pt x 262.50307pt.


[42 <./main-31.pdf>]
\openout4 = `main-32.asy'.

<main-32.pdf, id=702, 284.52798pt x 260.30652pt>
File: main-32.pdf Graphic file (type pdf)
<use main-32.pdf>
Package pdftex.def Info: main-32.pdf  used on input line 2154.
(pdftex.def)             Requested size: 284.52728pt x 260.30586pt.


[43 <./main-32.pdf>]

[44]
\openout4 = `main-33.asy'.

<main-33.pdf, id=723, 277.41643pt x 284.52798pt>
File: main-33.pdf Graphic file (type pdf)
<use main-33.pdf>
Package pdftex.def Info: main-33.pdf  used on input line 2224.
(pdftex.def)             Requested size: 277.41573pt x 284.52728pt.


[45 <./main-33.pdf>]
\openout4 = `main-34.asy'.

<main-34.pdf, id=737, 284.52798pt x 262.28792pt>
File: main-34.pdf Graphic file (type pdf)
<use main-34.pdf>
Package pdftex.def Info: main-34.pdf  used on input line 2289.
(pdftex.def)             Requested size: 284.52728pt x 262.28726pt.


[46 <./main-34.pdf>]
\openout4 = `main-35.asy'.

<main-35.pdf, id=756, 284.52798pt x 148.92638pt>
File: main-35.pdf Graphic file (type pdf)
<use main-35.pdf>
Package pdftex.def Info: main-35.pdf  used on input line 2334.
(pdftex.def)             Requested size: 284.52728pt x 148.92601pt.
\openout4 = `main-36.asy'.

<main-36.pdf, id=759, 199.1691pt x 179.5779pt>
File: main-36.pdf Graphic file (type pdf)
<use main-36.pdf>
Package pdftex.def Info: main-36.pdf  used on input line 2393.
(pdftex.def)             Requested size: 199.1686pt x 179.57745pt.


[47 <./main-35.pdf> <./main-36.pdf>]

[48]
\openout4 = `main-37.asy'.

<main-37.pdf, id=795, 284.52798pt x 184.50632pt>
File: main-37.pdf Graphic file (type pdf)
<use main-37.pdf>
Package pdftex.def Info: main-37.pdf  used on input line 2454.
(pdftex.def)             Requested size: 284.52728pt x 184.50584pt.


[49 <./main-37.pdf>]
\openout4 = `main-38.asy'.

<main-38.pdf, id=810, 260.19609pt x 284.52798pt>
File: main-38.pdf Graphic file (type pdf)
<use main-38.pdf>
Package pdftex.def Info: main-38.pdf  used on input line 2520.
(pdftex.def)             Requested size: 260.19543pt x 284.52728pt.


[50 <./main-38.pdf>]
\openout4 = `main-39.asy'.

<main-39.pdf, id=826, 188.28543pt x 227.62239pt>
File: main-39.pdf Graphic file (type pdf)
<use main-39.pdf>
Package pdftex.def Info: main-39.pdf  used on input line 2581.
(pdftex.def)             Requested size: 188.28497pt x 227.62183pt.


[51 <./main-39.pdf>]
\openout4 = `main-40.asy'.

<main-40.pdf, id=847, 186.80591pt x 284.52798pt>
File: main-40.pdf Graphic file (type pdf)
<use main-40.pdf>
Package pdftex.def Info: main-40.pdf  used on input line 2656.
(pdftex.def)             Requested size: 186.80544pt x 284.52728pt.


[52 <./main-40.pdf>]
\openout4 = `main-41.asy'.

<main-41.pdf, id=870, 177.82535pt x 284.52798pt>
File: main-41.pdf Graphic file (type pdf)
<use main-41.pdf>
Package pdftex.def Info: main-41.pdf  used on input line 2729.
(pdftex.def)             Requested size: 177.82489pt x 284.52728pt.


[53 <./main-41.pdf>]
\openout4 = `main-42.asy'.

<main-42.pdf, id=891, 284.52798pt x 252.04062pt>
File: main-42.pdf Graphic file (type pdf)
<use main-42.pdf>
Package pdftex.def Info: main-42.pdf  used on input line 2788.
(pdftex.def)             Requested size: 284.52728pt x 252.04pt.


[54 <./main-42.pdf>]
\openout4 = `main-43.asy'.

<main-43.pdf, id=910, 284.52798pt x 240.24857pt>
File: main-43.pdf Graphic file (type pdf)
<use main-43.pdf>
Package pdftex.def Info: main-43.pdf  used on input line 2847.
(pdftex.def)             Requested size: 284.52728pt x 240.24797pt.


[55 <./main-43.pdf>]

[56{d:/texlive/2025/texmf-dist/fonts/enc/dvips/lm/lm-mathex.enc}]

[57]
\openout4 = `main-44.asy'.

<main-44.pdf, id=945, 160.6pt x 151.20891pt>
File: main-44.pdf Graphic file (type pdf)
<use main-44.pdf>
Package pdftex.def Info: main-44.pdf  used on input line 2940.
(pdftex.def)             Requested size: 160.5996pt x 151.20853pt.
\openout4 = `main-45.asy'.

<main-45.pdf, id=946, 159.49889pt x 160.6pt>
File: main-45.pdf Graphic file (type pdf)
<use main-45.pdf>
Package pdftex.def Info: main-45.pdf  used on input line 2997.
(pdftex.def)             Requested size: 159.49847pt x 160.5996pt.


[58 <./main-44.pdf> <./main-45.pdf>]
\openout4 = `main-46.asy'.

<main-46.pdf, id=970, 200.75pt x 198.01678pt>
File: main-46.pdf Graphic file (type pdf)
<use main-46.pdf>
Package pdftex.def Info: main-46.pdf  used on input line 3051.
(pdftex.def)             Requested size: 200.7495pt x 198.01628pt.


[59 <./main-46.pdf>]
\openout4 = `main-47.asy'.

<main-47.pdf, id=990, 165.86768pt x 170.7168pt>
File: main-47.pdf Graphic file (type pdf)
<use main-47.pdf>
Package pdftex.def Info: main-47.pdf  used on input line 3090.
(pdftex.def)             Requested size: 165.86726pt x 170.71637pt.


[60 <./main-47.pdf>]
\openout4 = `main-48.asy'.

<main-48.pdf, id=1005, 189.94664pt x 199.1691pt>
File: main-48.pdf Graphic file (type pdf)
<use main-48.pdf>
Package pdftex.def Info: main-48.pdf  used on input line 3135.
(pdftex.def)             Requested size: 189.94617pt x 199.1686pt.
\openout4 = `main-49.asy'.

<main-49.pdf, id=1006, 140.05626pt x 170.7168pt>
File: main-49.pdf Graphic file (type pdf)
<use main-49.pdf>
Package pdftex.def Info: main-49.pdf  used on input line 3185.
(pdftex.def)             Requested size: 140.05591pt x 170.71637pt.


[61 <./main-48.pdf> <./main-49.pdf>]
\openout4 = `main-50.asy'.

<main-50.pdf, id=1039, 227.62239pt x 190.95741pt>
File: main-50.pdf Graphic file (type pdf)
<use main-50.pdf>
Package pdftex.def Info: main-50.pdf  used on input line 3237.
(pdftex.def)             Requested size: 227.62183pt x 190.95694pt.


[62 <./main-50.pdf>]
\openout4 = `main-51.asy'.

<main-51.pdf, id=1053, 199.1691pt x 168.00568pt>
File: main-51.pdf Graphic file (type pdf)
<use main-51.pdf>
Package pdftex.def Info: main-51.pdf  used on input line 3290.
(pdftex.def)             Requested size: 199.1686pt x 168.00525pt.


[63 <./main-51.pdf>]
\openout4 = `main-52.asy'.

<main-52.pdf, id=1067, 227.62239pt x 202.28474pt>
File: main-52.pdf Graphic file (type pdf)
<use main-52.pdf>
Package pdftex.def Info: main-52.pdf  used on input line 3331.
(pdftex.def)             Requested size: 227.62183pt x 202.28424pt.


[64 <./main-52.pdf>]
\openout4 = `main-53.asy'.

<main-53.pdf, id=1081, 180.15906pt x 199.1691pt>
File: main-53.pdf Graphic file (type pdf)
<use main-53.pdf>
Package pdftex.def Info: main-53.pdf  used on input line 3380.
(pdftex.def)             Requested size: 180.15862pt x 199.1686pt.


[65 <./main-53.pdf>]
\openout4 = `main-54.asy'.

<main-54.pdf, id=1096, 341.4326pt x 232.19647pt>
File: main-54.pdf Graphic file (type pdf)
<use main-54.pdf>
Package pdftex.def Info: main-54.pdf  used on input line 3443.
(pdftex.def)             Requested size: 341.43176pt x 232.19589pt.


[66 <./main-54.pdf>]
\openout4 = `main-55.asy'.

<main-55.pdf, id=1110, 284.52798pt x 211.6186pt>
File: main-55.pdf Graphic file (type pdf)
<use main-55.pdf>
Package pdftex.def Info: main-55.pdf  used on input line 3495.
(pdftex.def)             Requested size: 284.52728pt x 211.61807pt.


[67 <./main-55.pdf>]
\openout4 = `main-56.asy'.

<main-56.pdf, id=1129, 284.52798pt x 146.10585pt>
File: main-56.pdf Graphic file (type pdf)
<use main-56.pdf>
Package pdftex.def Info: main-56.pdf  used on input line 3538.
(pdftex.def)             Requested size: 284.52728pt x 146.10548pt.
\openout4 = `main-57.asy'.

<main-57.pdf, id=1130, 157.37796pt x 170.7168pt>
File: main-57.pdf Graphic file (type pdf)
<use main-57.pdf>
Package pdftex.def Info: main-57.pdf  used on input line 3580.
(pdftex.def)             Requested size: 157.37756pt x 170.71637pt.


[68 <./main-56.pdf> <./main-57.pdf>]
\openout4 = `main-58.asy'.

<main-58.pdf, id=1157, 146.16206pt x 227.62239pt>
File: main-58.pdf Graphic file (type pdf)
<use main-58.pdf>
Package pdftex.def Info: main-58.pdf  used on input line 3633.
(pdftex.def)             Requested size: 146.1617pt x 227.62183pt.


[69 <./main-58.pdf>]

[70]

[71]

[72]
\openout4 = `main-59.asy'.

<main-59.pdf, id=1195, 284.52798pt x 148.92638pt>
File: main-59.pdf Graphic file (type pdf)
<use main-59.pdf>
Package pdftex.def Info: main-59.pdf  used on input line 3735.
(pdftex.def)             Requested size: 284.52728pt x 148.92601pt.


[73 <./main-59.pdf>]

[74]
\openout4 = `main-60.asy'.

<main-60.pdf, id=1218, 227.62239pt x 161.07275pt>
File: main-60.pdf Graphic file (type pdf)
<use main-60.pdf>
Package pdftex.def Info: main-60.pdf  used on input line 3829.
(pdftex.def)             Requested size: 227.62183pt x 161.07236pt.


[75 <./main-60.pdf>]
\openout4 = `main-61.asy'.

<main-61.pdf, id=1232, 227.62239pt x 217.53973pt>
File: main-61.pdf Graphic file (type pdf)
<use main-61.pdf>
Package pdftex.def Info: main-61.pdf  used on input line 3874.
(pdftex.def)             Requested size: 227.62183pt x 217.53918pt.


[76 <./main-61.pdf>]

[77]
\openout4 = `main-62.asy'.

<main-62.pdf, id=1251, 226.07863pt x 190.06609pt>
File: main-62.pdf Graphic file (type pdf)
<use main-62.pdf>
Package pdftex.def Info: main-62.pdf  used on input line 3945.
(pdftex.def)             Requested size: 226.07806pt x 190.06561pt.


[78 <./main-62.pdf>]
\openout4 = `main-63.asy'.

<main-63.pdf, id=1265, 207.57649pt x 184.58762pt>
File: main-63.pdf Graphic file (type pdf)
<use main-63.pdf>
Package pdftex.def Info: main-63.pdf  used on input line 3994.
(pdftex.def)             Requested size: 207.57597pt x 184.58716pt.


[79 <./main-63.pdf>]

[80]

[81]

[82]

[83]

[84]

[85]

[86]

[87]

[88]

[89]

[90]

[91]

[92]
\openout4 = `main-64.asy'.

<main-64.pdf, id=1367, 170.7168pt x 162.40474pt>
File: main-64.pdf Graphic file (type pdf)
<use main-64.pdf>
Package pdftex.def Info: main-64.pdf  used on input line 4418.
(pdftex.def)             Requested size: 170.71637pt x 162.40433pt.


[93 <./main-64.pdf>]

[94]
\openout4 = `main-65.asy'.

<main-65.pdf, id=1386, 188.8375pt x 228.12427pt>
File: main-65.pdf Graphic file (type pdf)
<use main-65.pdf>
Package pdftex.def Info: main-65.pdf  used on input line 4483.
(pdftex.def)             Requested size: 188.83702pt x 228.1237pt.


[95 <./main-65.pdf>]
\openout4 = `main-66.asy'.

<main-66.pdf, id=1400, 180.13397pt x 228.12427pt>
File: main-66.pdf Graphic file (type pdf)
<use main-66.pdf>
Package pdftex.def Info: main-66.pdf  used on input line 4560.
(pdftex.def)             Requested size: 180.13353pt x 228.1237pt.


[96 <./main-66.pdf>]
\openout4 = `main-67.asy'.

<main-67.pdf, id=1422, 285.02986pt x 221.24358pt>
File: main-67.pdf Graphic file (type pdf)
<use main-67.pdf>
Package pdftex.def Info: main-67.pdf  used on input line 4638.
(pdftex.def)             Requested size: 285.02916pt x 221.24303pt.


[97 <./main-67.pdf>]

[98]
\openout4 = `main-68.asy'.

<main-68.pdf, id=1447, 284.52798pt x 180.36986pt>
File: main-68.pdf Graphic file (type pdf)
<use main-68.pdf>
Package pdftex.def Info: main-68.pdf  used on input line 4720.
(pdftex.def)             Requested size: 284.52728pt x 180.3694pt.


[99 <./main-68.pdf>]

[100]

[101]

[102]

[103]
\openout4 = `main-69.asy'.

<main-69.pdf, id=1496, 217.01376pt x 246.5983pt>
File: main-69.pdf Graphic file (type pdf)
<use main-69.pdf>
Package pdftex.def Info: main-69.pdf  used on input line 4873.
(pdftex.def)             Requested size: 217.01321pt x 246.59769pt.


[104 <./main-69.pdf>]
\openout4 = `main-70.asy'.

<main-70.pdf, id=1511, 284.52798pt x 148.92638pt>
File: main-70.pdf Graphic file (type pdf)
<use main-70.pdf>
Package pdftex.def Info: main-70.pdf  used on input line 4915.
(pdftex.def)             Requested size: 284.52728pt x 148.92601pt.


[105 <./main-70.pdf>]

[106]
\openout4 = `main-71.asy'.

<main-71.pdf, id=1532, 227.62239pt x 190.65027pt>
File: main-71.pdf Graphic file (type pdf)
<use main-71.pdf>
Package pdftex.def Info: main-71.pdf  used on input line 4988.
(pdftex.def)             Requested size: 227.62183pt x 190.6498pt.


[107 <./main-71.pdf>]

[108]
\openout4 = `main-72.asy'.

<main-72.pdf, id=1550, 253.59743pt x 163.9726pt>
File: main-72.pdf Graphic file (type pdf)
<use main-72.pdf>
Package pdftex.def Info: main-72.pdf  used on input line 5035.
(pdftex.def)             Requested size: 253.5968pt x 163.97218pt.


[109 <./main-72.pdf>]
\openout4 = `main-73.asy'.

<main-73.pdf, id=1566, 256.64583pt x 185.31633pt>
File: main-73.pdf Graphic file (type pdf)
<use main-73.pdf>
Package pdftex.def Info: main-73.pdf  used on input line 5087.
(pdftex.def)             Requested size: 256.64519pt x 185.31587pt.


[110 <./main-73.pdf>]
\openout4 = `main-74.asy'.

<main-74.pdf, id=1584, 227.62239pt x 218.51738pt>
File: main-74.pdf Graphic file (type pdf)
<use main-74.pdf>
Package pdftex.def Info: main-74.pdf  used on input line 5136.
(pdftex.def)             Requested size: 227.62183pt x 218.51685pt.


[111 <./main-74.pdf>]

[112]
Overfull \hbox (29.6332pt too wide) detected at line 5162
[]
 []



[113]
Overfull \hbox (47.39142pt too wide) detected at line 5196
[]
 []



[114]

[115]

[116]
\openout4 = `main-75.asy'.

<main-75.pdf, id=1633, 301.45322pt x 177.14682pt>
File: main-75.pdf Graphic file (type pdf)
<use main-75.pdf>
Package pdftex.def Info: main-75.pdf  used on input line 5287.
(pdftex.def)             Requested size: 301.45247pt x 177.14638pt.
\openout4 = `main-76.asy'.

<main-76.pdf, id=1634, 205.01192pt x 298.09065pt>
File: main-76.pdf Graphic file (type pdf)
<use main-76.pdf>
Package pdftex.def Info: main-76.pdf  used on input line 5319.
(pdftex.def)             Requested size: 205.01141pt x 298.0899pt.


[117 <./main-75.pdf>]

[118 <./main-76.pdf>]
\openout4 = `main-77.asy'.

<main-77.pdf, id=1669, 286.26749pt x 204.9758pt>
File: main-77.pdf Graphic file (type pdf)
<use main-77.pdf>
Package pdftex.def Info: main-77.pdf  used on input line 5375.
(pdftex.def)             Requested size: 286.26678pt x 204.97528pt.


[119 <./main-77.pdf>]
\openout4 = `main-78.asy'.

<main-78.pdf, id=1697, 226.67184pt x 239.73265pt>
File: main-78.pdf Graphic file (type pdf)
<use main-78.pdf>
Package pdftex.def Info: main-78.pdf  used on input line 5416.
(pdftex.def)             Requested size: 226.67128pt x 239.73206pt.


[120 <./main-78.pdf>] (./main.aux)
 ***********
LaTeX2e <2024-11-01> patch level 2
L3 programming layer <2025-03-26>
 ***********
Package rerunfilecheck Info: File `main.out' has not changed.
(rerunfilecheck)             Checksum: 6A1AA95857A7F02C13B55EE3478381A5;1015.
 ) 
Here is how much of TeX's memory you used:
 34253 strings out of 469626
 672574 string characters out of 5475183
 1110614 words of memory out of 5000000
 60046 multiletter control sequences out of 15000+600000
 685923 words of font info for 86 fonts, out of 8000000 for 9000
 1141 hyphenation exceptions out of 8191
 131i,16n,135p,1789b,1017s stack positions out of 10000i,1000n,20000p,200000b,200000s
<d:/texlive/2025/texmf-dist/fonts/type1/public/amsfonts/cm/cmmi10.pfb><d:/tex
live/2025/texmf-dist/fonts/type1/public/amsfonts/cm/cmmi12.pfb><d:/texlive/2025
/texmf-dist/fonts/type1/public/amsfonts/cm/cmmi8.pfb><d:/texlive/2025/texmf-dis
t/fonts/type1/public/amsfonts/cm/cmr12.pfb><d:/texlive/2025/texmf-dist/fonts/ty
pe1/public/amsfonts/cm/cmr8.pfb><d:/texlive/2025/texmf-dist/fonts/type1/public/
amsfonts/cm/cmsy7.pfb><d:/texlive/2025/texmf-dist/fonts/type1/public/amsfonts/c
m/cmsy8.pfb><d:/texlive/2025/texmf-dist/fonts/type1/public/lm/lmbx10.pfb><d:/te
xlive/2025/texmf-dist/fonts/type1/public/lm/lmbx12.pfb><d:/texlive/2025/texmf-d
ist/fonts/type1/public/lm/lmex10.pfb><d:/texlive/2025/texmf-dist/fonts/type1/pu
blic/lm/lmmi10.pfb><d:/texlive/2025/texmf-dist/fonts/type1/public/lm/lmmi5.pfb>
<d:/texlive/2025/texmf-dist/fonts/type1/public/lm/lmmi7.pfb><d:/texlive/2025/te
xmf-dist/fonts/type1/public/lm/lmr10.pfb><d:/texlive/2025/texmf-dist/fonts/type
1/public/lm/lmr12.pfb><d:/texlive/2025/texmf-dist/fonts/type1/public/lm/lmr17.p
fb><d:/texlive/2025/texmf-dist/fonts/type1/public/lm/lmr5.pfb><d:/texlive/2025/
texmf-dist/fonts/type1/public/lm/lmr7.pfb><d:/texlive/2025/texmf-dist/fonts/typ
e1/public/lm/lmri10.pfb><d:/texlive/2025/texmf-dist/fonts/type1/public/lm/lmsy1
0.pfb><d:/texlive/2025/texmf-dist/fonts/type1/public/lm/lmsy5.pfb><d:/texlive/2
025/texmf-dist/fonts/type1/public/lm/lmsy7.pfb><d:/texlive/2025/texmf-dist/font
s/type1/public/amsfonts/symbols/msam10.pfb><d:/texlive/2025/texmf-dist/fonts/ty
pe1/public/amsfonts/symbols/msam7.pfb>
Output written on main.pdf (120 pages, 1003173 bytes).
PDF statistics:
 1875 PDF objects out of 2073 (max. 8388607)
 1396 compressed objects within 14 object streams
 336 named destinations out of 1000 (max. 500000)
 626 words of extra memory for PDF output out of 10000 (max. 10000000)

